<?xml version="1.0" encoding="UTF-8"?>
<testsuite xmlns:xsi="http://www.w3.org/2001/XMLSchema-instance" xsi:noNamespaceSchemaLocation="https://maven.apache.org/surefire/maven-surefire-plugin/xsd/surefire-test-report.xsd" name="com.testing.sample.SampleUtilTest" time="0.289" tests="5" errors="0" skipped="0" failures="0">
  <properties>
[...]
</properties>
  <testcase name="shouldAnswerWithTrue" classname="com.testing.sample.SampleUtilTest" time="0.009"/>
  <testcase name="testAdd" classname="com.testing.sample.SampleUtilTest" time="0.039"/>
  <testcase name="testadd1" classname="com.testing.sample.SampleUtilTest" time="0"/>
  <testcase name="testadd2" classname="com.testing.sample.SampleUtilTest" time="0"/>
  <testcase name="testadd3" classname="com.testing.sample.SampleUtilTest" time="0.001"/>
</testsuite>